kotlin version: 2.3.20
error message: java.lang.OutOfMemoryError: GC overhead limit exceeded
	at java.base/java.util.Collections.singletonIterator(Collections.java:4808)
	at java.base/java.util.Collections$SingletonSet.iterator(Collections.java:4896)
	at org.jetbrains.kotlin.ir.backend.js.utils.IrResolveUtilsKt.getRealOverrideTargetOrNull(IrResolveUtils.kt:26)
	at org.jetbrains.kotlin.ir.backend.js.utils.IrResolveUtilsKt.getRealOverrideTarget(IrResolveUtils.kt:21)
	at org.jetbrains.kotlin.backend.wasm.dce.WasmUsefulDeclarationProcessor$bodyVisitor$1.visitCall(WasmUsefulDeclarationProcessor.kt:111)
	at org.jetbrains.kotlin.backend.wasm.dce.WasmUsefulDeclarationProcessor$bodyVisitor$1.visitCall(WasmUsefulDeclarationProcessor.kt:32)
	at org.jetbrains.kotlin.ir.expressions.IrCall.accept(IrCall.kt:24)
	at org.jetbrains.kotlin.ir.expressions.IrReturn.acceptChildren(IrReturn.kt:27)
	at org.jetbrains.kotlin.ir.backend.js.dce.UsefulDeclarationProcessor$BodyVisitorBase.visitElement(UsefulDeclarationProcessor.kt:43)
	at org.jetbrains.kotlin.ir.backend.js.dce.UsefulDeclarationProcessor$BodyVisitorBase.visitElement(UsefulDeclarationProcessor.kt:36)
	at org.jetbrains.kotlin.ir.visitors.IrVisitor.visitExpression(IrVisitor.kt:83)
	at org.jetbrains.kotlin.ir.visitors.IrVisitor.visitReturn(IrVisitor.kt:239)
	at org.jetbrains.kotlin.ir.expressions.IrReturn.accept(IrReturn.kt:24)
	at org.jetbrains.kotlin.ir.expressions.IrContainerExpression.acceptChildren(IrContainerExpression.kt:22)
	at org.jetbrains.kotlin.ir.backend.js.dce.UsefulDeclarationProcessor$BodyVisitorBase.visitElement(UsefulDeclarationProcessor.kt:43)
	at org.jetbrains.kotlin.ir.backend.js.dce.UsefulDeclarationProcessor$BodyVisitorBase.visitElement(UsefulDeclarationProcessor.kt:36)
	at org.jetbrains.kotlin.ir.visitors.IrVisitor.visitExpression(IrVisitor.kt:83)
	at org.jetbrains.kotlin.ir.visitors.IrVisitor.visitContainerExpression(IrVisitor.kt:122)
	at org.jetbrains.kotlin.ir.visitors.IrVisitor.visitBlock(IrVisitor.kt:125)
	at org.jetbrains.kotlin.ir.visitors.IrVisitor.visitInlinedFunctionBlock(IrVisitor.kt:134)
	at org.jetbrains.kotlin.ir.backend.js.dce.UsefulDeclarationProcessor$BodyVisitorBase.visitInlinedFunctionBlock(UsefulDeclarationProcessor.kt:57)
	at org.jetbrains.kotlin.ir.backend.js.dce.UsefulDeclarationProcessor$BodyVisitorBase.visitInlinedFunctionBlock(UsefulDeclarationProcessor.kt:36)
	at org.jetbrains.kotlin.ir.expressions.IrInlinedFunctionBlock.accept(IrInlinedFunctionBlock.kt:34)
	at org.jetbrains.kotlin.ir.expressions.IrContainerExpression.acceptChildren(IrContainerExpression.kt:22)
	at org.jetbrains.kotlin.ir.backend.js.dce.UsefulDeclarationProcessor$BodyVisitorBase.visitElement(UsefulDeclarationProcessor.kt:43)
	at org.jetbrains.kotlin.ir.backend.js.dce.UsefulDeclarationProcessor$BodyVisitorBase.visitElement(UsefulDeclarationProcessor.kt:36)
	at org.jetbrains.kotlin.ir.visitors.IrVisitor.visitExpression(IrVisitor.kt:83)
	at org.jetbrains.kotlin.ir.visitors.IrVisitor.visitContainerExpression(IrVisitor.kt:122)
	at org.jetbrains.kotlin.ir.visitors.IrVisitor.visitBlock(IrVisitor.kt:125)
	at org.jetbrains.kotlin.ir.visitors.IrVisitor.visitReturnableBlock(IrVisitor.kt:131)
	at org.jetbrains.kotlin.ir.expressions.IrReturnableBlock.accept(IrReturnableBlock.kt:23)
	at org.jetbrains.kotlin.ir.expressions.IrContainerExpression.acceptChildren(IrContainerExpression.kt:22)


